2023-09-12 22:04:03 : *************************************************
2023-09-12 22:04:03 : * * * * * * AmOnline_PayTransfer_1
2023-09-12 22:04:03 : *************************************************
2023-09-12 22:04:03 : * * * * * * Test Step  1* * * * * * 
2023-09-12 22:04:03 : Step Name   : Launch New Page
2023-09-12 22:04:04 : Test Status : PASSED
2023-09-12 22:04:04 : Test Data   : CHROME
2023-09-12 22:04:04 : * * * * * * Test Step  2* * * * * * 
2023-09-12 22:04:04 : Step Name   : Wait Object
2023-09-12 22:04:04 : Test Status : PASSED
2023-09-12 22:04:04 : Test Data   : 
2023-09-12 22:04:04 : * * * * * * Test Step  3* * * * * * 
2023-09-12 22:04:04 : Step Name   : Wait Object
2023-09-12 22:04:10 : Test Status : PASSED
2023-09-12 22:04:10 : Test Data   : 
2023-09-12 22:04:10 : * * * * * * Test Step  4* * * * * * 
2023-09-12 22:04:10 : Step Name   : [AmOnline] Enter UserName
2023-09-12 22:04:11 : Test Status : PASSED
2023-09-12 22:04:11 : Test Data   : Pepsi11
2023-09-12 22:04:11 : * * * * * * Test Step  5* * * * * * 
2023-09-12 22:04:11 : Step Name   : [AmOnline] Eclick Login Now
2023-09-12 22:04:11 : Test Status : PASSED
2023-09-12 22:04:11 : Test Data   : N/A
2023-09-12 22:04:11 : * * * * * * Test Step  6* * * * * * 
2023-09-12 22:04:11 : Step Name   : Wait Object
2023-09-12 22:04:12 : Test Status : PASSED
2023-09-12 22:04:12 : Test Data   : 
2023-09-12 22:04:12 : * * * * * * Test Step  7* * * * * * 
2023-09-12 22:04:12 : Step Name   : [AmOnline] Click Yes Button
2023-09-12 22:04:12 : Test Status : FAILED
2023-09-12 22:04:12 : Test Data   : N/A
2023-09-12 22:04:12 : *************************************************
2023-09-12 22:04:12 : 			PRODUCING REPORT
2023-09-12 22:04:12 : *************************************************
2023-09-12 22:04:12 : Generate HTM
2023-09-12 22:04:12 : ***********************END***********************
