2023-09-12 22:05:10 : *************************************************
2023-09-12 22:05:10 : * * * * * * AmOnline_PayTransfer_3
2023-09-12 22:05:10 : *************************************************
2023-09-12 22:05:10 : * * * * * * Test Step  1* * * * * * 
2023-09-12 22:05:10 : Step Name   : Launch New Page
2023-09-12 22:05:10 : Test Status : PASSED
2023-09-12 22:05:10 : Test Data   : CHROME
2023-09-12 22:05:10 : * * * * * * Test Step  2* * * * * * 
2023-09-12 22:05:10 : Step Name   : Wait Object
2023-09-12 22:05:11 : Test Status : PASSED
2023-09-12 22:05:11 : Test Data   : 
2023-09-12 22:05:11 : * * * * * * Test Step  3* * * * * * 
2023-09-12 22:05:11 : Step Name   : Wait Object
2023-09-12 22:05:17 : Test Status : PASSED
2023-09-12 22:05:17 : Test Data   : 
2023-09-12 22:05:17 : * * * * * * Test Step  4* * * * * * 
2023-09-12 22:05:17 : Step Name   : [AmOnline] Enter UserName
2023-09-12 22:05:18 : Test Status : PASSED
2023-09-12 22:05:18 : Test Data   : Pepsi11
2023-09-12 22:05:18 : * * * * * * Test Step  5* * * * * * 
2023-09-12 22:05:18 : Step Name   : [AmOnline] Eclick Login Now
2023-09-12 22:05:18 : Test Status : PASSED
2023-09-12 22:05:18 : Test Data   : N/A
2023-09-12 22:05:18 : * * * * * * Test Step  6* * * * * * 
2023-09-12 22:05:18 : Step Name   : Wait Object
2023-09-12 22:05:18 : Test Status : PASSED
2023-09-12 22:05:18 : Test Data   : 
2023-09-12 22:05:18 : * * * * * * Test Step  7* * * * * * 
2023-09-12 22:05:18 : Step Name   : [AmOnline] Click Yes Button
2023-09-12 22:05:19 : Test Status : PASSED
2023-09-12 22:05:19 : Test Data   : N/A
2023-09-12 22:05:19 : * * * * * * Test Step  8* * * * * * 
2023-09-12 22:05:19 : Step Name   : Wait Object
2023-09-12 22:05:19 : Test Status : PASSED
2023-09-12 22:05:19 : Test Data   : 
2023-09-12 22:05:19 : * * * * * * Test Step  9* * * * * * 
2023-09-12 22:05:19 : Step Name   : [AmOnline] Enter Password
2023-09-12 22:05:20 : Test Status : PASSED
2023-09-12 22:05:20 : Test Data   : zaq123
2023-09-12 22:05:20 : * * * * * * Test Step  10* * * * * * 
2023-09-12 22:05:20 : Step Name   : [AmOnline] Click Login Button
2023-09-12 22:05:21 : Test Status : PASSED
2023-09-12 22:05:21 : Test Data   : N/A
2023-09-12 22:05:21 : * * * * * * Test Step  11* * * * * * 
2023-09-12 22:05:21 : Step Name   : Wait Object
2023-09-12 22:05:40 : Test Status : PASSED
2023-09-12 22:05:40 : Test Data   : 
2023-09-12 22:05:40 : * * * * * * Test Step  12* * * * * * 
2023-09-12 22:05:40 : Step Name   : Wait Object
2023-09-12 22:05:42 : Test Status : PASSED
2023-09-12 22:05:42 : Test Data   : 
2023-09-12 22:05:42 : * * * * * * Test Step  13* * * * * * 
2023-09-12 22:05:42 : Step Name   : [AmOnline] Click Transfer Button
2023-09-12 22:05:43 : Test Status : PASSED
2023-09-12 22:05:43 : Test Data   : N/A
2023-09-12 22:05:43 : * * * * * * Test Step  14* * * * * * 
2023-09-12 22:05:43 : Step Name   : Wait Object
2023-09-12 22:05:49 : Test Status : PASSED
2023-09-12 22:05:49 : Test Data   : 
2023-09-12 22:05:49 : * * * * * * Test Step  15* * * * * * 
2023-09-12 22:05:49 : Step Name   : [IF] AmOnline_PayTransfer_2
2023-09-12 22:05:49 : Test Status : FAILED
2023-09-12 22:05:49 : Test Data   : AmOnline_PayTransfer_3
2023-09-12 22:05:49 : * * * * * * Test Step  20* * * * * * 
2023-09-12 22:05:49 : Step Name   : [IF] SUB_AmOnline_PayTransfer_2
2023-09-12 22:05:49 : Test Status : FAILED
2023-09-12 22:05:49 : Test Data   : AmOnline_PayTransfer_3
2023-09-12 22:05:50 : * * * * * * Test Step  25* * * * * * 
2023-09-12 22:05:50 : Step Name   : [IF] SUB_AmOnline_PayTransfer_3
2023-09-12 22:05:50 : Test Status : PASSED
2023-09-12 22:05:50 : Test Data   : AmOnline_PayTransfer_3
2023-09-12 22:05:50 : * * * * * * Test Step  26* * * * * * 
2023-09-12 22:05:50 : Step Name   : [AmOnline] Enter Ac No
2023-09-12 22:05:50 : Test Status : PASSED
2023-09-12 22:05:50 : Test Data   : 1232456789
2023-09-12 22:05:50 : * * * * * * Test Step  27* * * * * * 
2023-09-12 22:05:50 : Step Name   : [AmOnline] Enter Amount
2023-09-12 22:05:51 : Test Status : PASSED
2023-09-12 22:05:51 : Test Data   : 20.00
2023-09-12 22:05:51 : * * * * * * Test Step  28* * * * * * 
2023-09-12 22:05:51 : Step Name   : [AmOnline] Select Acc No
2023-09-12 22:05:51 : Test Status : PASSED
2023-09-12 22:05:51 : Test Data   : N/A
2023-09-12 22:05:51 : * * * * * * Test Step  29* * * * * * 
2023-09-12 22:05:51 : Step Name   : Wait Object
2023-09-12 22:05:53 : Test Status : PASSED
2023-09-12 22:05:53 : Test Data   : 
2023-09-12 22:05:53 : * * * * * * Test Step  30* * * * * * 
2023-09-12 22:05:53 : Step Name   : [AmOnline] Click Transfer Later Button
2023-09-12 22:05:53 : Test Status : PASSED
2023-09-12 22:05:53 : Test Data   : N/A
2023-09-12 22:05:53 : * * * * * * Test Step  32* * * * * * 
2023-09-12 22:05:53 : Step Name   : [AmOnline] Click Logout Button
2023-09-12 22:05:54 : Test Status : FAILED
2023-09-12 22:05:54 : Test Data   : N/A
2023-09-12 22:05:54 : *************************************************
2023-09-12 22:05:54 : 			PRODUCING REPORT
2023-09-12 22:05:54 : *************************************************
2023-09-12 22:05:54 : Generate HTM
2023-09-12 22:05:54 : ***********************END***********************
2023-09-12 22:05:54 : *************************************************
2023-09-12 22:05:54 : 			PRODUCING SUMMARY REPORT
2023-09-12 22:05:54 : *************************************************
2023-09-12 22:05:54 : Generate HTM
2023-09-12 22:05:57 : ***********************END***********************
