2024-02-27 12:13:11 : *************************************************
2024-02-27 12:13:11 : * * * * * * AABAI_Bulk_Limit_01
2024-02-27 12:13:11 : *************************************************
2024-02-27 12:13:11 : * * * * * * Test Step  1* * * * * * 
2024-02-27 12:13:11 : Step Name   : [CFO] Launch CFO
2024-02-27 12:13:14 : Test Status : PASSED
2024-02-27 12:13:14 : Test Data   : 
2024-02-27 12:13:14 : reSwitchApplication IOSAutomation
2024-02-27 12:13:14 : reSwitchApplication Web Application
2024-02-27 12:13:18 : * * * * * * Test Step  2* * * * * * 
2024-02-27 12:13:18 : Step Name   : Launch new page
2024-02-27 12:13:19 : Test Status : PASSED
2024-02-27 12:13:19 : Test Data   : FIREFOX
2024-02-27 12:13:19 : * * * * * * Test Step  3* * * * * * 
2024-02-27 12:13:19 : Step Name   : [IF] Verify Company Limit & Change Service Package
2024-02-27 12:13:19 : Test Status : PASSED
2024-02-27 12:13:19 : Test Data   : company limit
2024-02-27 12:13:19 : * * * * * * Test Step  4* * * * * * 
2024-02-27 12:13:19 : Step Name   : Wait Object
2024-02-27 12:13:26 : Test Status : PASSED
2024-02-27 12:13:26 : Test Data   : 
2024-02-27 12:13:26 : * * * * * * Test Step  5* * * * * * 
2024-02-27 12:13:26 : Step Name   : [BBO] Click [Advanced]
2024-02-27 12:13:26 : Object Not Exist
2024-02-27 12:13:26 : Test Status : FAILED
2024-02-27 12:13:26 : Test Data   : N/A
2024-02-27 12:13:26 : * * * * * * Test Step  6* * * * * * 
2024-02-27 12:13:26 : Step Name   : [BBO] Click [Proceed]
2024-02-27 12:13:26 : Object Not Exist
2024-02-27 12:13:26 : Test Status : FAILED
2024-02-27 12:13:26 : Test Data   : N/A
2024-02-27 12:13:26 : * * * * * * Test Step  7* * * * * * 
2024-02-27 12:13:26 : Step Name   : Wait Object
2024-02-27 12:13:26 : Test Status : PASSED
2024-02-27 12:13:26 : Test Data   : 
2024-02-27 12:13:26 : * * * * * * Test Step  8* * * * * * 
2024-02-27 12:13:26 : Step Name   : [BBO] Input [Username]
2024-02-27 12:13:26 : Test Status : PASSED
2024-02-27 12:13:26 : Test Data   : C0009994
2024-02-27 12:13:26 : * * * * * * Test Step  9* * * * * * 
2024-02-27 12:13:26 : Step Name   : [BBO] Input [Password]
2024-02-27 12:13:26 : Test Status : PASSED
2024-02-27 12:13:26 : Test Data   : Ambank@1223
2024-02-27 12:13:26 : * * * * * * Test Step  10* * * * * * 
2024-02-27 12:13:26 : Step Name   : [BBO] Click [Submit]
2024-02-27 12:13:27 : Test Status : PASSED
2024-02-27 12:13:27 : Test Data   : n/a
2024-02-27 12:13:27 : * * * * * * Test Step  11* * * * * * 
2024-02-27 12:13:27 : Step Name   : Wait Object
2024-02-27 12:13:27 : Test Status : PASSED
2024-02-27 12:13:27 : Test Data   : 
2024-02-27 12:13:27 : * * * * * * Test Step  12* * * * * * 
2024-02-27 12:13:27 : Step Name   : [IF] LOGIN VALIDATION
2024-02-27 12:13:27 : Object Exist
2024-02-27 12:13:27 : Test Status : PASSED
2024-02-27 12:13:27 : Test Data   : 
2024-02-27 12:13:27 : * * * * * * Test Step  13* * * * * * 
2024-02-27 12:13:27 : Step Name   : [IF] STATUS VALIDATION 1
2024-02-27 12:13:27 : Object Exist
2024-02-27 12:13:27 : Test Status : PASSED
2024-02-27 12:13:27 : Test Data   : 
2024-02-27 12:13:27 : * * * * * * Test Step  14* * * * * * 
2024-02-27 12:13:27 : Step Name   : [BBO] [Board] Click [Company Fullfilment]
2024-02-27 12:13:27 : Test Status : PASSED
2024-02-27 12:13:27 : Test Data   : N/A
2024-02-27 12:13:27 : * * * * * * Test Step  15* * * * * * 
2024-02-27 12:13:27 : Step Name   : Wait Object
2024-02-27 12:13:27 : Test Status : PASSED
2024-02-27 12:13:27 : Test Data   : 
2024-02-27 12:13:27 : * * * * * * Test Step  16* * * * * * 
2024-02-27 12:13:27 : Step Name   : [BBO] [Company Fullfilment] Click [Company Profile] 
2024-02-27 12:13:28 : Test Status : PASSED
2024-02-27 12:13:28 : Test Data   : N/A
2024-02-27 12:13:28 : * * * * * * Test Step  17* * * * * * 
2024-02-27 12:13:28 : Step Name   : Wait Object
2024-02-27 12:13:30 : Test Status : PASSED
2024-02-27 12:13:30 : Test Data   : 
2024-02-27 12:13:30 : * * * * * * Test Step  18* * * * * * 
2024-02-27 12:13:30 : Step Name   : [BBO] [Profile Maintenance] Input [CIF Number]
2024-02-27 12:13:30 : Test Status : PASSED
2024-02-27 12:13:30 : Test Data   : 5573088
2024-02-27 12:13:30 : * * * * * * Test Step  19* * * * * * 
2024-02-27 12:13:30 : Step Name   : [BBO] [Profile Maintenance] Input [Company ID]
2024-02-27 12:13:31 : Test Status : PASSED
2024-02-27 12:13:31 : Test Data   : 1002221
2024-02-27 12:13:31 : * * * * * * Test Step  20* * * * * * 
2024-02-27 12:13:31 : Step Name   : [BBO] [Profile Maintenance[ Input [Business Reg. Number]
2024-02-27 12:13:31 : Test Status : PASSED
2024-02-27 12:13:31 : Test Data   : 199601038238
2024-02-27 12:13:31 : * * * * * * Test Step  21* * * * * * 
2024-02-27 12:13:31 : Step Name   : [BBO] [Profile Mainntenance] Click [Search] button
2024-02-27 12:13:31 : Test Status : PASSED
2024-02-27 12:13:31 : Test Data   : N/A
2024-02-27 12:13:31 : * * * * * * Test Step  22* * * * * * 
2024-02-27 12:13:31 : Step Name   : Wait Object
2024-02-27 12:13:36 : Test Status : PASSED
2024-02-27 12:13:36 : Test Data   : 
2024-02-27 12:13:36 : * * * * * * Test Step  23* * * * * * 
2024-02-27 12:13:36 : Step Name   : [BBO] Scroll object into view
2024-02-27 12:13:37 : Test Status : PASSED
2024-02-27 12:13:37 : Test Data   : 
2024-02-27 12:13:37 : * * * * * * Test Step  24* * * * * * 
2024-02-27 12:13:37 : Step Name   : Wait Object
2024-02-27 12:13:37 : Test Status : PASSED
2024-02-27 12:13:37 : Test Data   : 
2024-02-27 12:13:37 : * * * * * * Test Step  25* * * * * * 
2024-02-27 12:13:37 : Step Name   : scrollintoview
2024-02-27 12:13:37 : Test Status : PASSED
2024-02-27 12:13:37 : Test Data   : 
2024-02-27 12:13:37 : * * * * * * Test Step  26* * * * * * 
2024-02-27 12:13:37 : Step Name   : [BBO] [Profile Mainntenance] Select [Search Result] 
2024-02-27 12:13:37 : Test Status : PASSED
2024-02-27 12:13:37 : Test Data   : 5573088
2024-02-27 12:13:37 : * * * * * * Test Step  28* * * * * * 
2024-02-27 12:13:37 : Step Name   : Wait Object
2024-02-27 12:13:39 : Test Status : PASSED
2024-02-27 12:13:39 : Test Data   : 
2024-02-27 12:13:39 : * * * * * * Test Step  29* * * * * * 
2024-02-27 12:13:39 : Step Name   : [IF] Verify Company Limit
2024-02-27 12:13:39 : Test Status : PASSED
2024-02-27 12:13:39 : Test Data   : company limit
2024-02-27 12:13:39 : * * * * * * Test Step  30* * * * * * 
2024-02-27 12:13:39 : Step Name   : scrollintoview
2024-02-27 12:13:40 : Test Status : FAILED
2024-02-27 12:13:40 : Test Data   : 
2024-02-27 12:13:40 : * * * * * * Test Step  31* * * * * * 
2024-02-27 12:13:40 : Step Name   : Scroll
2024-02-27 12:13:40 : Test Status : PASSED
2024-02-27 12:13:40 : Test Data   : 0::-150
2024-02-27 12:13:40 : * * * * * * Test Step  32* * * * * * 
2024-02-27 12:13:40 : Step Name   : Wait Object
2024-02-27 12:13:41 : Start Wait0
2024-02-27 12:13:41 : Done Wait0
2024-02-27 12:13:42 : Start Wait2
2024-02-27 12:13:43 : Done Wait2
2024-02-27 12:13:45 : Test Status : PASSED
2024-02-27 12:13:45 : Test Data   : 
2024-02-27 12:13:45 : * * * * * * Test Step  33* * * * * * 
2024-02-27 12:13:45 : Step Name   : [BBO] [Profile Information] Verify [Company Limit]
2024-02-27 12:13:45 : Test Status : PASSED
2024-02-27 12:13:45 : Test Data   : 
2024-02-27 12:13:45 : * * * * * * Test Step  34* * * * * * 
2024-02-27 12:13:45 : Step Name   : Wait Object
2024-02-27 12:13:45 : Test Status : PASSED
2024-02-27 12:13:45 : Test Data   : 
2024-02-27 12:13:45 : * * * * * * Test Step  35* * * * * * 
2024-02-27 12:13:45 : Step Name   : [BBO] [Profile Information] Click [Logout] 
2024-02-27 12:13:45 : Test Status : PASSED
2024-02-27 12:13:45 : Test Data   : N/A
2024-02-27 12:13:45 : * * * * * * Test Step  37* * * * * * 
2024-02-27 12:13:45 : Step Name   : Close Window
2024-02-27 12:13:46 : Test Status : PASSED
2024-02-27 12:13:46 : Test Data   : 
2024-02-27 12:13:46 : reSwitchApplication WebAutomation
2024-02-27 12:13:46 : https://stage-preprod-bbo.shard.ocpnonprod.ambg.com.my/
2024-02-27 12:13:46 : https://stage.biz.amaccess.com.my/
2024-02-27 12:13:46 : isSwitch : true
2024-02-27 12:13:46 : isNewSwitch : true
2024-02-27 12:13:46 : reSwitchApplication Web Application
2024-02-27 12:13:51 : * * * * * * Test Step  38* * * * * * 
2024-02-27 12:13:51 : Step Name   : Launch New Page
2024-02-27 12:13:51 : Test Status : PASSED
2024-02-27 12:13:51 : Test Data   : FIREFOX
2024-02-27 12:13:51 : * * * * * * Test Step  39* * * * * * 
2024-02-27 12:13:51 : Step Name   : Wait Object
2024-02-27 12:13:51 : Test Status : PASSED
2024-02-27 12:13:51 : Test Data   : 
2024-02-27 12:13:51 : * * * * * * Test Step  40* * * * * * 
2024-02-27 12:13:51 : Step Name   : [CFO] [Login Page] Input [User ID]
2024-02-27 12:13:51 : Test Status : PASSED
2024-02-27 12:13:51 : Test Data   : makauto8
2024-02-27 12:13:51 : * * * * * * Test Step  41* * * * * * 
2024-02-27 12:13:51 : Step Name   : [CFO] [Login Page] Click [Login]
2024-02-27 12:13:51 : Test Status : PASSED
2024-02-27 12:13:51 : Test Data   : N/A
2024-02-27 12:13:51 : * * * * * * Test Step  42* * * * * * 
2024-02-27 12:13:51 : Step Name   : Wait Object
2024-02-27 12:13:51 : Test Status : PASSED
2024-02-27 12:13:51 : Test Data   : 
2024-02-27 12:13:51 : * * * * * * Test Step  43* * * * * * 
2024-02-27 12:13:51 : Step Name   : [CFO] [Login Page] Click [Yes]
2024-02-27 12:13:52 : Test Status : PASSED
2024-02-27 12:13:52 : Test Data   : N/A
2024-02-27 12:13:52 : * * * * * * Test Step  44* * * * * * 
2024-02-27 12:13:52 : Step Name   : Wait Object
2024-02-27 12:13:52 : Test Status : PASSED
2024-02-27 12:13:52 : Test Data   : 
2024-02-27 12:13:52 : * * * * * * Test Step  45* * * * * * 
2024-02-27 12:13:52 : Step Name   : [CFO] [Login Page] Input [Password]
2024-02-27 12:13:52 : Test Status : PASSED
2024-02-27 12:13:52 : Test Data   : Ambank@123
2024-02-27 12:13:52 : * * * * * * Test Step  46* * * * * * 
2024-02-27 12:13:52 : Step Name   : [CFO] [Login Page] Click [Login]
2024-02-27 12:13:52 : Test Status : PASSED
2024-02-27 12:13:52 : Test Data   : N/A
2024-02-27 12:13:52 : * * * * * * Test Step  47* * * * * * 
2024-02-27 12:13:52 : Step Name   : Wait Object
2024-02-27 12:13:54 : Start Wait0
2024-02-27 12:13:55 : Done Wait0
2024-02-27 12:13:57 : Test Status : PASSED
2024-02-27 12:13:57 : Test Data   : 
2024-02-27 12:13:57 : * * * * * * Test Step  48* * * * * * 
2024-02-27 12:13:57 : Step Name   : Wait Object
2024-02-27 12:14:00 : Test Status : PASSED
2024-02-27 12:14:00 : Test Data   : 
2024-02-27 12:14:00 : * * * * * * Test Step  49* * * * * * 
2024-02-27 12:14:00 : Step Name   : [IF] LOGIN VALIDATION
2024-02-27 12:14:00 : Object Exist
2024-02-27 12:14:00 : Test Status : PASSED
2024-02-27 12:14:00 : Test Data   : 
2024-02-27 12:14:00 : * * * * * * Test Step  50* * * * * * 
2024-02-27 12:14:00 : Step Name   : [CFO] [Home] Click [Perform Transaction]
2024-02-27 12:14:00 : Test Status : PASSED
2024-02-27 12:14:00 : Test Data   : N/A
2024-02-27 12:14:00 : * * * * * * Test Step  51* * * * * * 
2024-02-27 12:14:00 : Step Name   : Wait Object
2024-02-27 12:14:01 : Test Status : PASSED
2024-02-27 12:14:01 : Test Data   : 
2024-02-27 12:14:01 : * * * * * * Test Step  52* * * * * * 
2024-02-27 12:14:01 : Step Name   : [CFO] [Home] Click [Bulk Transfer]
2024-02-27 12:14:01 : Test Status : PASSED
2024-02-27 12:14:01 : Test Data   : N/A
2024-02-27 12:14:01 : * * * * * * Test Step  53* * * * * * 
2024-02-27 12:14:01 : Step Name   : Wait Object
2024-02-27 12:14:02 : Start Wait0
2024-02-27 12:14:06 : Done Wait0
2024-02-27 12:14:07 : Test Status : PASSED
2024-02-27 12:14:07 : Test Data   : 
2024-02-27 12:14:07 : * * * * * * Test Step  54* * * * * * 
2024-02-27 12:14:07 : Step Name   : [IF] Transfer Later
2024-02-27 12:14:07 : Test Status : PASSED
2024-02-27 12:14:07 : Test Data   : Transfer Later
2024-02-27 12:14:07 : * * * * * * Test Step  55* * * * * * 
2024-02-27 12:14:07 : Step Name   : [Local Transfer] Click [Date]
2024-02-27 12:14:07 : Test Status : PASSED
2024-02-27 12:14:07 : Test Data   : N/A
2024-02-27 12:14:07 : * * * * * * Test Step  56* * * * * * 
2024-02-27 12:14:07 : Step Name   : Wait Object
2024-02-27 12:14:08 : Test Status : PASSED
2024-02-27 12:14:08 : Test Data   : 
2024-02-27 12:14:08 : * * * * * * Test Step  57* * * * * * 
2024-02-27 12:14:08 : Step Name   : [IF] Today Day is greater than 15
2024-02-27 12:14:08 : Test Status : PASSED
2024-02-27 12:14:08 : Test Data   : 28
2024-02-27 12:14:08 : * * * * * * Test Step  58* * * * * * 
2024-02-27 12:14:08 : Step Name   : [CFO] Click [Day]
2024-02-27 12:14:09 : Test Status : PASSED
2024-02-27 12:14:09 : Test Data   : 28
2024-02-27 12:14:09 : * * * * * * Test Step  66* * * * * * 
2024-02-27 12:14:09 : Step Name   : [Local Transfer] Click [OK]
2024-02-27 12:14:09 : Test Status : PASSED
2024-02-27 12:14:09 : Test Data   : N/A
2024-02-27 12:14:09 : * * * * * * Test Step  68* * * * * * 
2024-02-27 12:14:09 : Step Name   : Wait Object
2024-02-27 12:14:09 : Test Status : PASSED
2024-02-27 12:14:09 : Test Data   : 
2024-02-27 12:14:09 : * * * * * * Test Step  69* * * * * * 
2024-02-27 12:14:09 : Step Name   : [CFO] [Enter Details] Set [Transfer Reference]
2024-02-27 12:14:09 : File Name   : /Users/user/Desktop/AAF_V2/autodata/Download/txtTransferReferenceBulk_AABAI_Bulk_Limit_01.txt
2024-02-27 12:14:09 : Test Status : PASSED
2024-02-27 12:14:09 : Test Data   : 4fLTw9
2024-02-27 12:14:09 : * * * * * * Test Step  70* * * * * * 
2024-02-27 12:14:09 : Step Name   : [CFO] [Enter Details] Upload [Choose File]
2024-02-27 12:14:10 : Test Status : PASSED
2024-02-27 12:14:10 : Test Data   : /Users/user/Desktop/AAF_V2/autodata/Upload/AABAI_Bulk_Limit_01_TC_01.xlsx
2024-02-27 12:14:10 : * * * * * * Test Step  71* * * * * * 
2024-02-27 12:14:10 : Step Name   : Wait Object
2024-02-27 12:14:15 : Test Status : PASSED
2024-02-27 12:14:15 : Test Data   : 
2024-02-27 12:14:15 : * * * * * * Test Step  72* * * * * * 
2024-02-27 12:14:15 : Step Name   : PAGEDOWN
2024-02-27 12:14:15 : Test Status : PASSED
2024-02-27 12:14:15 : Test Data   : PAGEDOWN
2024-02-27 12:14:15 : * * * * * * Test Step  73* * * * * * 
2024-02-27 12:14:15 : Step Name   : [CFO] [Enter Details] Click [Next]
2024-02-27 12:14:15 : Test Status : PASSED
2024-02-27 12:14:15 : Test Data   : N/A
2024-02-27 12:14:15 : * * * * * * Test Step  74* * * * * * 
2024-02-27 12:14:15 : Step Name   : Wait Object
2024-02-27 12:14:17 : Test Status : PASSED
2024-02-27 12:14:17 : Test Data   : 
2024-02-27 12:14:17 : * * * * * * Test Step  75* * * * * * 
2024-02-27 12:14:17 : Step Name   : Wait Object
2024-02-27 12:14:17 : Test Status : PASSED
2024-02-27 12:14:17 : Test Data   : 
2024-02-27 12:14:17 : * * * * * * Test Step  76* * * * * * 
2024-02-27 12:14:17 : Step Name   : [CFO] [Review Details] Click [Confirm] button
2024-02-27 12:14:18 : Test Status : PASSED
2024-02-27 12:14:18 : Test Data   : N/A
2024-02-27 12:14:18 : * * * * * * Test Step  77* * * * * * 
2024-02-27 12:14:18 : Step Name   : Wait Object
2024-02-27 12:14:18 : Test Status : PASSED
2024-02-27 12:14:18 : Test Data   : 
2024-02-27 12:14:18 : * * * * * * Test Step  78* * * * * * 
2024-02-27 12:14:18 : Step Name   : [CFO] [Review Details] Click [Confirm]  popup
2024-02-27 12:14:18 : Test Status : PASSED
2024-02-27 12:14:18 : Test Data   : N/A
2024-02-27 12:14:18 : * * * * * * Test Step  79* * * * * * 
2024-02-27 12:14:18 : Step Name   : PAGEDOWN
2024-02-27 12:14:18 : Test Status : PASSED
2024-02-27 12:14:18 : Test Data   : PAGEDOWN
2024-02-27 12:14:18 : * * * * * * Test Step  80* * * * * * 
2024-02-27 12:14:18 : Step Name   : Wait Object
2024-02-27 12:14:19 : Test Status : PASSED
2024-02-27 12:14:19 : Test Data   : 
2024-02-27 12:14:19 : * * * * * * Test Step  81* * * * * * 
2024-02-27 12:14:19 : Step Name   : [CFO] [Approve Transfer] Click [Done] button
2024-02-27 12:14:19 : Test Status : PASSED
2024-02-27 12:14:19 : Test Data   : n/a
2024-02-27 12:14:19 : * * * * * * Test Step  82* * * * * * 
2024-02-27 12:14:19 : Step Name   : Wait Object
2024-02-27 12:14:21 : Test Status : PASSED
2024-02-27 12:14:21 : Test Data   : 
2024-02-27 12:14:21 : * * * * * * Test Step  83* * * * * * 
2024-02-27 12:14:21 : Step Name   : [CFO] [Home] Click [Payment]
2024-02-27 12:14:22 : Test Status : PASSED
2024-02-27 12:14:22 : Test Data   : N/A
2024-02-27 12:14:22 : * * * * * * Test Step  84* * * * * * 
2024-02-27 12:14:22 : Step Name   : Wait Object
2024-02-27 12:14:24 : Test Status : PASSED
2024-02-27 12:14:24 : Test Data   : 
2024-02-27 12:14:24 : * * * * * * Test Step  85* * * * * * 
2024-02-27 12:14:24 : Step Name   : [CFO] [Home] Click [All]
2024-02-27 12:14:25 : Test Status : PASSED
2024-02-27 12:14:25 : Test Data   : N/A
2024-02-27 12:14:25 : * * * * * * Test Step  86* * * * * * 
2024-02-27 12:14:25 : Step Name   : Wait Object
2024-02-27 12:14:25 : Test Status : PASSED
2024-02-27 12:14:25 : Test Data   : 
2024-02-27 12:14:25 : * * * * * * Test Step  87* * * * * * 
2024-02-27 12:14:25 : Step Name   : [CFO] [Home] Click [All Transactions]
2024-02-27 12:14:25 : Test Status : PASSED
2024-02-27 12:14:25 : Test Data   : N/A
2024-02-27 12:14:25 : * * * * * * Test Step  88* * * * * * 
2024-02-27 12:14:25 : Step Name   : Wait Object
2024-02-27 12:14:25 : Test Status : PASSED
2024-02-27 12:14:25 : Test Data   : 
2024-02-27 12:14:25 : * * * * * * Test Step  89* * * * * * 
2024-02-27 12:14:25 : Step Name   : [CFO] [Home] Click [Transaction Date]
2024-02-27 12:14:25 : Test Status : PASSED
2024-02-27 12:14:25 : Test Data   : N/A
2024-02-27 12:14:25 : * * * * * * Test Step  90* * * * * * 
2024-02-27 12:14:25 : Step Name   : [CFO] [Home] Click [Transaction Type]
2024-02-27 12:14:26 : Test Status : PASSED
2024-02-27 12:14:26 : Test Data   : N/A
2024-02-27 12:14:26 : * * * * * * Test Step  91* * * * * * 
2024-02-27 12:14:26 : Step Name   : [CFO] [Home] Click [Approval Due]
2024-02-27 12:14:26 : Test Status : PASSED
2024-02-27 12:14:26 : Test Data   : N/A
2024-02-27 12:14:26 : * * * * * * Test Step  92* * * * * * 
2024-02-27 12:14:26 : Step Name   : [CFO] [Home] Click [Apply]
2024-02-27 12:14:26 : Test Status : PASSED
2024-02-27 12:14:26 : Test Data   : N/A
2024-02-27 12:14:26 : * * * * * * Test Step  93* * * * * * 
2024-02-27 12:14:26 : Step Name   : Wait Object
2024-02-27 12:14:29 : Test Status : PASSED
2024-02-27 12:14:29 : Test Data   : 
2024-02-27 12:14:29 : * * * * * * Test Step  94* * * * * * 
2024-02-27 12:14:29 : Step Name   : [CFO] [Payment] Select [Transaction List]
2024-02-27 12:14:29 : File Name   : txtTransferReferenceBulk_AABAI_Bulk_Limit_01
2024-02-27 12:14:29 : Test Status : PASSED
2024-02-27 12:14:29 : Test Data   : 4fLTw9
2024-02-27 12:14:29 : * * * * * * Test Step  95* * * * * * 
2024-02-27 12:14:29 : Step Name   : Wait Object
2024-02-27 12:14:30 : Test Status : PASSED
2024-02-27 12:14:30 : Test Data   : 
2024-02-27 12:14:30 : * * * * * * Test Step  96* * * * * * 
2024-02-27 12:14:30 : Step Name   : [CFO] [Transaction List] Capture [Reference Number]
2024-02-27 12:14:30 : Object Text Value : --BKT20240227000005--
2024-02-27 12:14:30 : File Name   : /Users/user/Desktop/AAF_V2/autodata/Download/txtReferenceNumber_AABAI_Bulk_Limit_01.txt
2024-02-27 12:14:30 : Test Status : PASSED
2024-02-27 12:14:30 : Test Data   : 
2024-02-27 12:14:30 : * * * * * * Test Step  97* * * * * * 
2024-02-27 12:14:30 : Step Name   : scrollintoview
2024-02-27 12:14:30 : Test Status : PASSED
2024-02-27 12:14:30 : Test Data   : 
2024-02-27 12:14:30 : * * * * * * Test Step  98* * * * * * 
2024-02-27 12:14:30 : Step Name   : [CFO] [Payment] Click [Logout]
2024-02-27 12:14:30 : Test Status : PASSED
2024-02-27 12:14:30 : Test Data   : n/a
2024-02-27 12:14:30 : * * * * * * Test Step  99* * * * * * 
2024-02-27 12:14:30 : Step Name   : Close Window
2024-02-27 12:14:31 : Test Status : PASSED
2024-02-27 12:14:31 : Test Data   : 
2024-02-27 12:14:31 : reSwitchApplication WebAutomation
2024-02-27 12:14:31 : https://stage.biz.amaccess.com.my/
2024-02-27 12:14:31 : com.ambank.amaccessbiz::com.ambank.amaccessbiz.MainActivity
2024-02-27 12:14:31 : isSwitch : true
2024-02-27 12:14:31 : isNewSwitch : true
2024-02-27 12:14:31 : reSwitchApplication IOS Application
2024-02-27 12:14:31 : * * * * * * Test Step  100* * * * * * 
2024-02-27 12:14:31 : Step Name   : [CFO] Launch CFO
2024-02-27 12:14:34 : Test Status : PASSED
2024-02-27 12:14:34 : Test Data   : 
2024-02-27 12:14:34 : * * * * * * Test Step  101* * * * * * 
2024-02-27 12:14:34 : Step Name   : [IF] Stop Bulk Transaction
2024-02-27 12:14:34 : Test Status : FAILED
2024-02-27 12:14:34 : Test Data   : company limit
2024-02-27 12:14:34 : * * * * * * Test Step  169* * * * * * 
2024-02-27 12:14:34 : Step Name   : [IF] Approve Transaction
2024-02-27 12:14:34 : Test Status : PASSED
2024-02-27 12:14:34 : Test Data   : Approve
2024-02-27 12:14:34 : * * * * * * Test Step  170* * * * * * 
2024-02-27 12:14:34 : Step Name   : [CFO] Launch CFO
2024-02-27 12:14:37 : Test Status : PASSED
2024-02-27 12:14:37 : Test Data   : 
2024-02-27 12:14:37 : * * * * * * Test Step  171* * * * * * 
2024-02-27 12:14:37 : Step Name   : Wait Object
2024-02-27 12:14:38 : Test Status : PASSED
2024-02-27 12:14:38 : Test Data   : 
2024-02-27 12:14:38 : * * * * * * Test Step  172* * * * * * 
2024-02-27 12:14:38 : Step Name   : [CFO] Input [User ID]
2024-02-27 12:14:39 : IOS Hide Keyboard
2024-02-27 12:14:40 : Test Status : PASSED
2024-02-27 12:14:40 : Test Data   : appauto8
2024-02-27 12:14:40 : * * * * * * Test Step  173* * * * * * 
2024-02-27 12:14:40 : Step Name   : [CFO] Click [Log In]
2024-02-27 12:14:41 : Test Status : PASSED
2024-02-27 12:14:41 : Test Data   : n/a
2024-02-27 12:14:41 : * * * * * * Test Step  174* * * * * * 
2024-02-27 12:14:41 : Step Name   : Wait Object
2024-02-27 12:14:42 : Test Status : PASSED
2024-02-27 12:14:42 : Test Data   : 
2024-02-27 12:14:42 : * * * * * * Test Step  175* * * * * * 
2024-02-27 12:14:42 : Step Name   : [CFO] Click [Yes]
2024-02-27 12:14:42 : Test Status : PASSED
2024-02-27 12:14:42 : Test Data   : n/a
2024-02-27 12:14:42 : * * * * * * Test Step  176* * * * * * 
2024-02-27 12:14:42 : Step Name   : Wait Object
2024-02-27 12:14:43 : Test Status : PASSED
2024-02-27 12:14:43 : Test Data   : 
2024-02-27 12:14:43 : * * * * * * Test Step  177* * * * * * 
2024-02-27 12:14:43 : Step Name   : Wait Object
2024-02-27 12:14:44 : Test Status : PASSED
2024-02-27 12:14:44 : Test Data   : 
2024-02-27 12:14:44 : * * * * * * Test Step  178* * * * * * 
2024-02-27 12:14:44 : Step Name   : Swipe up
2024-02-27 12:14:46 : Test Status : PASSED
2024-02-27 12:14:46 : Test Data   : 20::90
2024-02-27 12:14:46 : * * * * * * Test Step  179* * * * * * 
2024-02-27 12:14:46 : Step Name   : [CFO] Input [Password]
2024-02-27 12:14:48 : IOS Hide Keyboard
2024-02-27 12:14:49 : Test Status : PASSED
2024-02-27 12:14:49 : Test Data   : Ambank@123
2024-02-27 12:14:49 : * * * * * * Test Step  180* * * * * * 
2024-02-27 12:14:49 : Step Name   : [CFO] Click [Log In]
2024-02-27 12:14:50 : Test Status : PASSED
2024-02-27 12:14:50 : Test Data   : n/a
2024-02-27 12:14:50 : * * * * * * Test Step  181* * * * * * 
2024-02-27 12:14:50 : Step Name   : Wait Object
2024-02-27 12:15:01 : Test Status : PASSED
2024-02-27 12:15:01 : Test Data   : 
2024-02-27 12:15:01 : * * * * * * Test Step  182* * * * * * 
2024-02-27 12:15:01 : Step Name   : Wait Object
2024-02-27 12:15:04 : Test Status : PASSED
2024-02-27 12:15:04 : Test Data   : 
2024-02-27 12:15:04 : * * * * * * Test Step  183* * * * * * 
2024-02-27 12:15:04 : Step Name   : [Push Notification] Click [Yes]
2024-02-27 12:15:04 : Object Not Exist
2024-02-27 12:15:04 : Test Status : FAILED
2024-02-27 12:15:04 : Test Data   : n/a
2024-02-27 12:15:04 : * * * * * * Test Step  184* * * * * * 
2024-02-27 12:15:04 : Step Name   : Wait Object
2024-02-27 12:15:06 : Test Status : PASSED
2024-02-27 12:15:06 : Test Data   : 
2024-02-27 12:15:06 : * * * * * * Test Step  185* * * * * * 
2024-02-27 12:15:06 : Step Name   : [IF] LOGIN VALIDATION
2024-02-27 12:15:07 : Object Exist
2024-02-27 12:15:07 : Test Status : PASSED
2024-02-27 12:15:07 : Test Data   : 
2024-02-27 12:15:07 : * * * * * * Test Step  186* * * * * * 
2024-02-27 12:15:07 : Step Name   : Wait Object
2024-02-27 12:15:09 : Test Status : PASSED
2024-02-27 12:15:09 : Test Data   : 
2024-02-27 12:15:09 : * * * * * * Test Step  187* * * * * * 
2024-02-27 12:15:09 : Step Name   : [Local Transfer] Click [Payment]
2024-02-27 12:15:10 : Test Status : PASSED
2024-02-27 12:15:10 : Test Data   : N/A
2024-02-27 12:15:10 : * * * * * * Test Step  188* * * * * * 
2024-02-27 12:15:10 : Step Name   : Wait Object
2024-02-27 12:15:11 : Test Status : PASSED
2024-02-27 12:15:11 : Test Data   : 
2024-02-27 12:15:11 : * * * * * * Test Step  189* * * * * * 
2024-02-27 12:15:11 : Step Name   : Wait Object
2024-02-27 12:15:12 : Test Status : PASSED
2024-02-27 12:15:12 : Test Data   : 
2024-02-27 12:15:12 : * * * * * * Test Step  190* * * * * * 
2024-02-27 12:15:12 : Step Name   : [Local Transfer] Click [ALL]
2024-02-27 12:15:13 : Test Status : PASSED
2024-02-27 12:15:13 : Test Data   : N/A
2024-02-27 12:15:13 : * * * * * * Test Step  191* * * * * * 
2024-02-27 12:15:13 : Step Name   : Wait Object
2024-02-27 12:15:14 : Test Status : PASSED
2024-02-27 12:15:14 : Test Data   : 
2024-02-27 12:15:14 : * * * * * * Test Step  192* * * * * * 
2024-02-27 12:15:14 : Step Name   : Wait Object
2024-02-27 12:15:15 : Test Status : PASSED
2024-02-27 12:15:15 : Test Data   : 
2024-02-27 12:15:15 : * * * * * * Test Step  193* * * * * * 
2024-02-27 12:15:15 : Step Name   : [Local Transfer] Click [All Transactions]
2024-02-27 12:15:16 : Test Status : PASSED
2024-02-27 12:15:16 : Test Data   : N/A
2024-02-27 12:15:16 : * * * * * * Test Step  194* * * * * * 
2024-02-27 12:15:16 : Step Name   : Wait Object
2024-02-27 12:15:17 : Test Status : PASSED
2024-02-27 12:15:17 : Test Data   : 
2024-02-27 12:15:17 : * * * * * * Test Step  195* * * * * * 
2024-02-27 12:15:17 : Step Name   : [Local Transfer] Click [Today]
2024-02-27 12:15:18 : Test Status : PASSED
2024-02-27 12:15:18 : Test Data   : N/A
2024-02-27 12:15:18 : * * * * * * Test Step  196* * * * * * 
2024-02-27 12:15:18 : Step Name   : Swipe Up To Bulk Transaction
2024-02-27 12:15:19 : object not visible, retrying...
2024-02-27 12:15:21 : object found and clickable
2024-02-27 12:15:21 : Test Status : PASSED
2024-02-27 12:15:21 : Test Data   : 20::65
2024-02-27 12:15:21 : * * * * * * Test Step  197* * * * * * 
2024-02-27 12:15:21 : Step Name   : [Local Transfer] Click [Bulk]
2024-02-27 12:15:22 : Test Status : PASSED
2024-02-27 12:15:22 : Test Data   : N/A
2024-02-27 12:15:22 : * * * * * * Test Step  198* * * * * * 
2024-02-27 12:15:22 : Step Name   : Swipe Up To Transaction Status
2024-02-27 12:15:23 : object found and clickable
2024-02-27 12:15:23 : Test Status : PASSED
2024-02-27 12:15:23 : Test Data   : 20::65
2024-02-27 12:15:23 : * * * * * * Test Step  199* * * * * * 
2024-02-27 12:15:23 : Step Name   : [Local Transfer] Click [Awaiting Approval]
2024-02-27 12:15:24 : Test Status : PASSED
2024-02-27 12:15:24 : Test Data   : N/A
2024-02-27 12:15:24 : * * * * * * Test Step  200* * * * * * 
2024-02-27 12:15:24 : Step Name   : [Local Transfer] Click [Apply]
2024-02-27 12:15:25 : Test Status : PASSED
2024-02-27 12:15:25 : Test Data   : N/A
2024-02-27 12:15:25 : * * * * * * Test Step  201* * * * * * 
2024-02-27 12:15:25 : Step Name   : Wait Object
2024-02-27 12:15:26 : Test Status : PASSED
2024-02-27 12:15:26 : Test Data   : 
2024-02-27 12:15:26 : * * * * * * Test Step  202* * * * * * 
2024-02-27 12:15:26 : Step Name   : Wait Object
2024-02-27 12:15:27 : Test Status : PASSED
2024-02-27 12:15:27 : Test Data   : 
2024-02-27 12:15:27 : * * * * * * Test Step  203* * * * * * 
2024-02-27 12:15:27 : Step Name   : Swipe Up To Transaction
2024-02-27 12:15:27 : object found and clickable
2024-02-27 12:15:27 : Test Status : PASSED
2024-02-27 12:15:27 : Test Data   : 20::65
2024-02-27 12:15:27 : * * * * * * Test Step  204* * * * * * 
2024-02-27 12:15:27 : Step Name   : [Local Transfer] Click [Transaction]
2024-02-27 12:15:28 : Test Status : PASSED
2024-02-27 12:15:28 : Test Data   : 4fLTw9
2024-02-27 12:15:28 : * * * * * * Test Step  205* * * * * * 
2024-02-27 12:15:28 : Step Name   : Wait Object
2024-02-27 12:15:30 : Test Status : PASSED
2024-02-27 12:15:30 : Test Data   : 
2024-02-27 12:15:30 : * * * * * * Test Step  206* * * * * * 
2024-02-27 12:15:30 : Step Name   : Wait Object
2024-02-27 12:15:31 : Test Status : PASSED
2024-02-27 12:15:31 : Test Data   : 
2024-02-27 12:15:31 : * * * * * * Test Step  207* * * * * * 
2024-02-27 12:15:31 : Step Name   : Swipe Up To Approve Button
2024-02-27 12:15:32 : object not visible, retrying...
2024-02-27 12:15:36 : object not visible, retrying...
2024-02-27 12:15:38 : object found and clickable
2024-02-27 12:15:38 : Test Status : PASSED
2024-02-27 12:15:38 : Test Data   : 10::90
2024-02-27 12:15:38 : * * * * * * Test Step  208* * * * * * 
2024-02-27 12:15:38 : Step Name   : [Local Transfer] Click [Approve]
2024-02-27 12:15:40 : Test Status : PASSED
2024-02-27 12:15:40 : Test Data   : N/A
2024-02-27 12:15:40 : * * * * * * Test Step  209* * * * * * 
2024-02-27 12:15:40 : Step Name   : Wait Object
2024-02-27 12:15:45 : Test Status : PASSED
2024-02-27 12:15:45 : Test Data   : 
2024-02-27 12:15:45 : * * * * * * Test Step  210* * * * * * 
2024-02-27 12:15:45 : Step Name   : Wait Object
2024-02-27 12:15:46 : Test Status : PASSED
2024-02-27 12:15:46 : Test Data   : 
2024-02-27 12:15:46 : * * * * * * Test Step  211* * * * * * 
2024-02-27 12:15:46 : Step Name   : Swipe Up To Approve Button
2024-02-27 12:15:47 : object not visible, retrying...
2024-02-27 12:15:50 : object found and clickable
2024-02-27 12:15:50 : Test Status : PASSED
2024-02-27 12:15:50 : Test Data   : 10::90
2024-02-27 12:15:50 : * * * * * * Test Step  212* * * * * * 
2024-02-27 12:15:50 : Step Name   : [Digital Token] Insert [Comment]
2024-02-27 12:15:51 : IOS Hide Keyboard
2024-02-27 12:15:52 : Test Status : PASSED
2024-02-27 12:15:52 : Test Data   : TEST
2024-02-27 12:15:52 : * * * * * * Test Step  213* * * * * * 
2024-02-27 12:15:52 : Step Name   : [Local Transfer] Click [Return Button]
2024-02-27 12:15:53 : Test Status : PASSED
2024-02-27 12:15:53 : Test Data   : 
2024-02-27 12:15:53 : * * * * * * Test Step  214* * * * * * 
2024-02-27 12:15:53 : Step Name   : Swipe Up To Approve Button
2024-02-27 12:15:54 : object not visible, retrying...
2024-02-27 12:15:57 : object found and clickable
2024-02-27 12:15:57 : Test Status : PASSED
2024-02-27 12:15:57 : Test Data   : 10::90
2024-02-27 12:15:57 : * * * * * * Test Step  215* * * * * * 
2024-02-27 12:15:57 : Step Name   : [Digital Token] Click [Approve]
2024-02-27 12:15:58 : Test Status : PASSED
2024-02-27 12:15:58 : Test Data   : N/A
2024-02-27 12:15:58 : * * * * * * Test Step  216* * * * * * 
2024-02-27 12:15:58 : Step Name   : Wait Object
2024-02-27 12:15:59 : Test Status : PASSED
2024-02-27 12:15:59 : Test Data   : 
2024-02-27 12:15:59 : * * * * * * Test Step  217* * * * * * 
2024-02-27 12:15:59 : Step Name   : [Digital Token] Click [PIN]
2024-02-27 12:15:59 : Test Status : PASSED
2024-02-27 12:15:59 : Test Data   : N/A
2024-02-27 12:15:59 : * * * * * * Test Step  218* * * * * * 
2024-02-27 12:15:59 : Step Name   : [Digital Token] Click [PIN]
2024-02-27 12:16:00 : Test Status : PASSED
2024-02-27 12:16:00 : Test Data   : N/A
2024-02-27 12:16:00 : * * * * * * Test Step  219* * * * * * 
2024-02-27 12:16:00 : Step Name   : [Digital Token] Click [PIN]
2024-02-27 12:16:01 : Test Status : PASSED
2024-02-27 12:16:01 : Test Data   : N/A
2024-02-27 12:16:01 : * * * * * * Test Step  220* * * * * * 
2024-02-27 12:16:01 : Step Name   : [Digital Token] Click [PIN]
2024-02-27 12:16:02 : Test Status : PASSED
2024-02-27 12:16:02 : Test Data   : N/A
2024-02-27 12:16:02 : * * * * * * Test Step  221* * * * * * 
2024-02-27 12:16:02 : Step Name   : [Digital Token] Click [PIN]
2024-02-27 12:16:03 : Test Status : PASSED
2024-02-27 12:16:03 : Test Data   : N/A
2024-02-27 12:16:03 : * * * * * * Test Step  222* * * * * * 
2024-02-27 12:16:03 : Step Name   : [Digital Token] Click [PIN]
2024-02-27 12:16:04 : Test Status : PASSED
2024-02-27 12:16:04 : Test Data   : N/A
2024-02-27 12:16:04 : * * * * * * Test Step  223* * * * * * 
2024-02-27 12:16:04 : Step Name   : Wait Object
2024-02-27 12:16:08 : Test Status : PASSED
2024-02-27 12:16:08 : Test Data   : 
2024-02-27 12:16:08 : * * * * * * Test Step  224* * * * * * 
2024-02-27 12:16:08 : Step Name   : Wait Object
2024-02-27 12:16:09 : Test Status : PASSED
2024-02-27 12:16:09 : Test Data   : 
2024-02-27 12:16:09 : * * * * * * Test Step  225* * * * * * 
2024-02-27 12:16:09 : Step Name   : [Local Transfer] Verify [Status]
2024-02-27 12:16:10 : Test Status : PASSED
2024-02-27 12:16:10 : Test Data   : 
2024-02-27 12:16:10 : * * * * * * Test Step  226* * * * * * 
2024-02-27 12:16:10 : Step Name   : [IF] TCID = AmAccess_MOB_BULK_A_REG_Android_01
2024-02-27 12:16:10 : Test Status : FAILED
2024-02-27 12:16:10 : Test Data   : AABAI_Bulk_Limit_01
2024-02-27 12:16:10 : * * * * * * Test Step  280* * * * * * 
2024-02-27 12:16:10 : Step Name   : [CFO] Click [Menu]
2024-02-27 12:16:11 : Test Status : PASSED
2024-02-27 12:16:11 : Test Data   : N/A
2024-02-27 12:16:11 : * * * * * * Test Step  281* * * * * * 
2024-02-27 12:16:11 : Step Name   : Wait Object
2024-02-27 12:16:14 : Test Status : PASSED
2024-02-27 12:16:14 : Test Data   : 
2024-02-27 12:16:14 : * * * * * * Test Step  282* * * * * * 
2024-02-27 12:16:14 : Step Name   : Swipe Up To LogOut
2024-02-27 12:16:15 : object not visible, retrying...
2024-02-27 12:16:18 : object found and clickable
2024-02-27 12:16:18 : Test Status : PASSED
2024-02-27 12:16:18 : Test Data   : 20::65
2024-02-27 12:16:18 : * * * * * * Test Step  283* * * * * * 
2024-02-27 12:16:18 : Step Name   : [CFO] Click [Logout]
2024-02-27 12:16:19 : Test Status : PASSED
2024-02-27 12:16:19 : Test Data   : N/A
2024-02-27 12:16:19 : reSwitchApplication IOSAutomation
2024-02-27 12:16:19 : reSwitchApplication Web Application
2024-02-27 12:16:23 : * * * * * * Test Step  285* * * * * * 
2024-02-27 12:16:23 : Step Name   : Launch new page
2024-02-27 12:16:23 : Test Status : PASSED
2024-02-27 12:16:23 : Test Data   : FIREFOX
2024-02-27 12:16:23 : * * * * * * Test Step  286* * * * * * 
2024-02-27 12:16:23 : Step Name   : Wait Object
2024-02-27 12:16:34 : Unable to locate element: #details\-button
For documentation on this error, please visit: https://www.seleniumhq.org/exceptions/no_such_element.html
Build info: version: 'unknown', revision: 'unknown', time: 'unknown'
System info: host: 'Mac-Wksadmins-MacBook-Pro-3.local', ip: 'fe80:0:0:0:1876:3569:e167:e2db%en0', os.name: 'Mac OS X', os.arch: 'x86_64', os.version: '13.5.1', java.version: '1.8.0_331'
Driver info: org.openqa.selenium.firefox.FirefoxDriver
Capabilities {acceptInsecureCerts: true, browserName: firefox, browserVersion: 120.0.1, javascriptEnabled: true, moz:accessibilityChecks: false, moz:buildID: 20231129155202, moz:geckodriverVersion: 0.33.0, moz:headless: false, moz:platformVersion: 22.6.0, moz:processID: 3504, moz:profile: /var/folders/xb/1dlzrb692b1..., moz:shutdownTimeout: 60000, moz:webdriverClick: true, moz:windowless: false, pageLoadStrategy: normal, platform: MAC, platformName: MAC, proxy: Proxy(), setWindowRect: true, strictFileInteractability: false, timeouts: {implicit: 0, pageLoad: 300000, script: 30000}, unhandledPromptBehavior: dismiss and notify}
Session ID: 20190cdd-e88c-4e4f-8c00-bca9f051a0a6
*** Element info: {Using=id, value=details-button}
2024-02-27 12:16:34 : Test Status : PASSED
2024-02-27 12:16:34 : Test Data   : 
2024-02-27 12:16:34 : * * * * * * Test Step  287* * * * * * 
2024-02-27 12:16:34 : Step Name   : Click Advanced
2024-02-27 12:16:34 : Object Not Exist
2024-02-27 12:16:34 : Test Status : FAILED
2024-02-27 12:16:34 : Test Data   : n/a
2024-02-27 12:16:34 : * * * * * * Test Step  288* * * * * * 
2024-02-27 12:16:34 : Step Name   : Wait Object
2024-02-27 12:16:44 : Unable to locate element: #proceed\-link
For documentation on this error, please visit: https://www.seleniumhq.org/exceptions/no_such_element.html
Build info: version: 'unknown', revision: 'unknown', time: 'unknown'
System info: host: 'Mac-Wksadmins-MacBook-Pro-3.local', ip: 'fe80:0:0:0:1876:3569:e167:e2db%en0', os.name: 'Mac OS X', os.arch: 'x86_64', os.version: '13.5.1', java.version: '1.8.0_331'
Driver info: org.openqa.selenium.firefox.FirefoxDriver
Capabilities {acceptInsecureCerts: true, browserName: firefox, browserVersion: 120.0.1, javascriptEnabled: true, moz:accessibilityChecks: false, moz:buildID: 20231129155202, moz:geckodriverVersion: 0.33.0, moz:headless: false, moz:platformVersion: 22.6.0, moz:processID: 3504, moz:profile: /var/folders/xb/1dlzrb692b1..., moz:shutdownTimeout: 60000, moz:webdriverClick: true, moz:windowless: false, pageLoadStrategy: normal, platform: MAC, platformName: MAC, proxy: Proxy(), setWindowRect: true, strictFileInteractability: false, timeouts: {implicit: 0, pageLoad: 300000, script: 30000}, unhandledPromptBehavior: dismiss and notify}
Session ID: 20190cdd-e88c-4e4f-8c00-bca9f051a0a6
*** Element info: {Using=id, value=proceed-link}
2024-02-27 12:16:44 : Test Status : PASSED
2024-02-27 12:16:44 : Test Data   : 
2024-02-27 12:16:44 : * * * * * * Test Step  289* * * * * * 
2024-02-27 12:16:44 : Step Name   : Click Proceed
2024-02-27 12:16:44 : Object Not Exist
2024-02-27 12:16:44 : Test Status : FAILED
2024-02-27 12:16:44 : Test Data   : n/a
2024-02-27 12:16:44 : * * * * * * Test Step  290* * * * * * 
2024-02-27 12:16:44 : Step Name   : Wait Object
2024-02-27 12:16:44 : Test Status : PASSED
2024-02-27 12:16:44 : Test Data   : 
2024-02-27 12:16:44 : * * * * * * Test Step  291* * * * * * 
2024-02-27 12:16:44 : Step Name   : [OWA] Input [Username]
2024-02-27 12:16:44 : Test Status : PASSED
2024-02-27 12:16:44 : Test Data   : devgrpusr\devAAB_Automation03
2024-02-27 12:16:44 : * * * * * * Test Step  292* * * * * * 
2024-02-27 12:16:44 : Step Name   : [OWA] Input [Password]
2024-02-27 12:16:44 : Test Status : PASSED
2024-02-27 12:16:44 : Test Data   : Password1234
2024-02-27 12:16:44 : * * * * * * Test Step  293* * * * * * 
2024-02-27 12:16:44 : Step Name   : [OWA] Click [Sign In]
2024-02-27 12:16:45 : Test Status : PASSED
2024-02-27 12:16:45 : Test Data   : n/a
2024-02-27 12:16:45 : * * * * * * Test Step  294* * * * * * 
2024-02-27 12:16:45 : Step Name   : Wait Object
2024-02-27 12:16:45 : Test Status : PASSED
2024-02-27 12:16:45 : Test Data   : 
2024-02-27 12:16:45 : * * * * * * Test Step  295* * * * * * 
2024-02-27 12:16:45 : Step Name   : [OWA] Click [Alert OK]
2024-02-27 12:16:45 : Object Not Exist
2024-02-27 12:16:45 : Test Status : FAILED
2024-02-27 12:16:45 : Test Data   : n/a
2024-02-27 12:16:45 : * * * * * * Test Step  296* * * * * * 
2024-02-27 12:16:45 : Step Name   : [IF] STATUS VALIDATION 9
2024-02-27 12:16:45 : Object Exist
2024-02-27 12:16:45 : Test Status : PASSED
2024-02-27 12:16:45 : Test Data   : 
2024-02-27 12:16:45 : * * * * * * Test Step  297* * * * * * 
2024-02-27 12:16:45 : Step Name   : Wait Object
2024-02-27 12:16:46 : Test Status : PASSED
2024-02-27 12:16:46 : Test Data   : 
2024-02-27 12:16:46 : * * * * * * Test Step  298* * * * * * 
2024-02-27 12:16:46 : Step Name   : Wait Object
2024-02-27 12:16:48 : Test Status : PASSED
2024-02-27 12:16:48 : Test Data   : 
2024-02-27 12:16:48 : * * * * * * Test Step  299* * * * * * 
2024-02-27 12:16:48 : Step Name   : Wait Object
2024-02-27 12:16:48 : Test Status : PASSED
2024-02-27 12:16:48 : Test Data   : 
2024-02-27 12:16:48 : * * * * * * Test Step  300* * * * * * 
2024-02-27 12:16:48 : Step Name   : [OWA] Click [Search Box]
2024-02-27 12:16:49 : Test Status : PASSED
2024-02-27 12:16:49 : Test Data   : N/A
2024-02-27 12:16:49 : * * * * * * Test Step  301* * * * * * 
2024-02-27 12:16:49 : Step Name   : Wait Object
2024-02-27 12:16:49 : Test Status : PASSED
2024-02-27 12:16:49 : Test Data   : 
2024-02-27 12:16:49 : * * * * * * Test Step  302* * * * * * 
2024-02-27 12:16:49 : Step Name   : [OWA] Clear [Search Box]
2024-02-27 12:16:49 : Test Status : PASSED
2024-02-27 12:16:49 : Test Data   : N/A
2024-02-27 12:16:49 : * * * * * * Test Step  303* * * * * * 
2024-02-27 12:16:49 : Step Name   : [OWA] Input [Search Criteria]
2024-02-27 12:16:49 : Test Status : PASSED
2024-02-27 12:16:49 : Test Data   : BKT20240227000005 appauto8 Pending
2024-02-27 12:16:49 : * * * * * * Test Step  304* * * * * * 
2024-02-27 12:16:49 : Step Name   : [OWA] Click [Search]
2024-02-27 12:16:49 : Test Status : PASSED
2024-02-27 12:16:49 : Test Data   : N/A
2024-02-27 12:16:49 : * * * * * * Test Step  305* * * * * * 
2024-02-27 12:16:49 : Step Name   : Wait Object
2024-02-27 12:16:52 : Test Status : PASSED
2024-02-27 12:16:52 : Test Data   : 
2024-02-27 12:16:52 : * * * * * * Test Step  306* * * * * * 
2024-02-27 12:16:52 : Step Name   : [IF] Email Exist
2024-02-27 12:16:52 : Object Not Exist
2024-02-27 12:16:52 : Test Status : FAILED
2024-02-27 12:16:52 : Test Data   : 
2024-02-27 12:16:52 : * * * * * * Test Step  307* * * * * * 
2024-02-27 12:16:52 : Step Name   : [ELSE]
2024-02-27 12:16:52 : Test Status : PASSED
2024-02-27 12:16:52 : Test Data   : 
2024-02-27 12:16:52 : * * * * * * Test Step  308* * * * * * 
2024-02-27 12:16:52 : Step Name   : Wait Object
2024-02-27 12:17:02 : Test Status : PASSED
2024-02-27 12:17:02 : Test Data   : 
2024-02-27 12:17:02 : * * * * * * Test Step  309* * * * * * 
2024-02-27 12:17:02 : Step Name   : [OWA] Click Search Filter
2024-02-27 12:17:03 : Test Status : PASSED
2024-02-27 12:17:03 : Test Data   : N/A
2024-02-27 12:17:03 : * * * * * * Test Step  310* * * * * * 
2024-02-27 12:17:03 : Step Name   : [OWA] Click [Search]
2024-02-27 12:17:03 : Test Status : PASSED
2024-02-27 12:17:03 : Test Data   : N/A
2024-02-27 12:17:03 : * * * * * * Test Step  312* * * * * * 
2024-02-27 12:17:03 : Step Name   : [IF] Email Exist
2024-02-27 12:17:03 : Object Not Exist
2024-02-27 12:17:03 : Test Status : FAILED
2024-02-27 12:17:03 : Test Data   : 
2024-02-27 12:17:03 : * * * * * * Test Step  313* * * * * * 
2024-02-27 12:17:03 : Step Name   : [ELSE]
2024-02-27 12:17:03 : Test Status : PASSED
2024-02-27 12:17:03 : Test Data   : 
2024-02-27 12:17:03 : * * * * * * Test Step  314* * * * * * 
2024-02-27 12:17:03 : Step Name   : Wait Object
2024-02-27 12:17:13 : Test Status : PASSED
2024-02-27 12:17:13 : Test Data   : 
2024-02-27 12:17:13 : * * * * * * Test Step  315* * * * * * 
2024-02-27 12:17:13 : Step Name   : [OWA] Click Search Filter
2024-02-27 12:17:13 : Test Status : PASSED
2024-02-27 12:17:13 : Test Data   : N/A
2024-02-27 12:17:13 : * * * * * * Test Step  316* * * * * * 
2024-02-27 12:17:13 : Step Name   : [OWA] Click [Search]
2024-02-27 12:17:14 : Test Status : PASSED
2024-02-27 12:17:14 : Test Data   : N/A
2024-02-27 12:17:14 : * * * * * * Test Step  318* * * * * * 
2024-02-27 12:17:14 : Step Name   : [IF] Email Exist
2024-02-27 12:17:14 : Object Not Exist
2024-02-27 12:17:14 : Test Status : FAILED
2024-02-27 12:17:14 : Test Data   : 
2024-02-27 12:17:14 : * * * * * * Test Step  319* * * * * * 
2024-02-27 12:17:14 : Step Name   : [ELSE]
2024-02-27 12:17:14 : Test Status : PASSED
2024-02-27 12:17:14 : Test Data   : 
2024-02-27 12:17:14 : * * * * * * Test Step  320* * * * * * 
2024-02-27 12:17:14 : Step Name   : Wait Object
2024-02-27 12:17:24 : Test Status : PASSED
2024-02-27 12:17:24 : Test Data   : 
2024-02-27 12:17:24 : * * * * * * Test Step  321* * * * * * 
2024-02-27 12:17:24 : Step Name   : [OWA] Click Search Filter
2024-02-27 12:17:24 : Test Status : PASSED
2024-02-27 12:17:24 : Test Data   : N/A
2024-02-27 12:17:24 : * * * * * * Test Step  322* * * * * * 
2024-02-27 12:17:24 : Step Name   : [OWA] Click [Search]
2024-02-27 12:17:24 : Test Status : PASSED
2024-02-27 12:17:24 : Test Data   : N/A
2024-02-27 12:17:24 : * * * * * * Test Step  324* * * * * * 
2024-02-27 12:17:24 : Step Name   : [IF] Email Exist
2024-02-27 12:17:24 : Object Not Exist
2024-02-27 12:17:24 : Test Status : FAILED
2024-02-27 12:17:24 : Test Data   : 
2024-02-27 12:17:24 : * * * * * * Test Step  325* * * * * * 
2024-02-27 12:17:24 : Step Name   : [ELSE]
2024-02-27 12:17:24 : Test Status : PASSED
2024-02-27 12:17:24 : Test Data   : 
2024-02-27 12:17:24 : * * * * * * Test Step  326* * * * * * 
2024-02-27 12:17:24 : Step Name   : Wait Object
2024-02-27 12:17:34 : Test Status : PASSED
2024-02-27 12:17:34 : Test Data   : 
2024-02-27 12:17:34 : * * * * * * Test Step  327* * * * * * 
2024-02-27 12:17:34 : Step Name   : [OWA] Click Search Filter
2024-02-27 12:17:35 : Test Status : PASSED
2024-02-27 12:17:35 : Test Data   : N/A
2024-02-27 12:17:35 : * * * * * * Test Step  328* * * * * * 
2024-02-27 12:17:35 : Step Name   : [OWA] Click [Search]
2024-02-27 12:17:35 : Test Status : PASSED
2024-02-27 12:17:35 : Test Data   : N/A
2024-02-27 12:17:35 : * * * * * * Test Step  330* * * * * * 
2024-02-27 12:17:35 : Step Name   : [IF] Email Exist
2024-02-27 12:17:35 : Object Not Exist
2024-02-27 12:17:35 : Test Status : FAILED
2024-02-27 12:17:35 : Test Data   : 
2024-02-27 12:17:35 : * * * * * * Test Step  331* * * * * * 
2024-02-27 12:17:35 : Step Name   : [ELSE]
2024-02-27 12:17:35 : Test Status : PASSED
2024-02-27 12:17:35 : Test Data   : 
2024-02-27 12:17:35 : * * * * * * Test Step  332* * * * * * 
2024-02-27 12:17:35 : Step Name   : Wait Object
2024-02-27 12:17:45 : Test Status : PASSED
2024-02-27 12:17:45 : Test Data   : 
2024-02-27 12:17:45 : * * * * * * Test Step  333* * * * * * 
2024-02-27 12:17:45 : Step Name   : [OWA] Click Search Filter
2024-02-27 12:17:45 : Test Status : PASSED
2024-02-27 12:17:45 : Test Data   : N/A
2024-02-27 12:17:45 : * * * * * * Test Step  334* * * * * * 
2024-02-27 12:17:45 : Step Name   : [OWA] Click [Search]
2024-02-27 12:17:46 : Test Status : PASSED
2024-02-27 12:17:46 : Test Data   : N/A
2024-02-27 12:17:46 : * * * * * * Test Step  336* * * * * * 
2024-02-27 12:17:46 : Step Name   : [IF] Email Exist
2024-02-27 12:17:46 : Object Exist
2024-02-27 12:17:46 : Test Status : PASSED
2024-02-27 12:17:46 : Test Data   : 
2024-02-27 12:17:46 : * * * * * * Test Step  342* * * * * * 
2024-02-27 12:17:46 : Step Name   : [IF] Email Exist
2024-02-27 12:17:46 : Object Exist
2024-02-27 12:17:46 : Test Status : PASSED
2024-02-27 12:17:46 : Test Data   : 
2024-02-27 12:17:46 : * * * * * * Test Step  348* * * * * * 
2024-02-27 12:17:46 : Step Name   : [IF] Email Exist
2024-02-27 12:17:46 : Object Exist
2024-02-27 12:17:46 : Test Status : PASSED
2024-02-27 12:17:46 : Test Data   : 
2024-02-27 12:17:46 : * * * * * * Test Step  354* * * * * * 
2024-02-27 12:17:46 : Step Name   : [IF] Email Exist
2024-02-27 12:17:46 : Object Exist
2024-02-27 12:17:46 : Test Status : PASSED
2024-02-27 12:17:46 : Test Data   : 
2024-02-27 12:17:46 : * * * * * * Test Step  360* * * * * * 
2024-02-27 12:17:46 : Step Name   : [IF] Email Exist
2024-02-27 12:17:46 : Object Exist
2024-02-27 12:17:46 : Test Status : PASSED
2024-02-27 12:17:46 : Test Data   : 
2024-02-27 12:17:46 : * * * * * * Test Step  366* * * * * * 
2024-02-27 12:17:46 : Step Name   : [IF] Email Exist
2024-02-27 12:17:46 : Object Exist
2024-02-27 12:17:46 : Test Status : PASSED
2024-02-27 12:17:46 : Test Data   : 
2024-02-27 12:17:46 : * * * * * * Test Step  372* * * * * * 
2024-02-27 12:17:46 : Step Name   : [IF] Email Exist
2024-02-27 12:17:46 : Object Exist
2024-02-27 12:17:46 : Test Status : PASSED
2024-02-27 12:17:46 : Test Data   : 
2024-02-27 12:17:46 : * * * * * * Test Step  378* * * * * * 
2024-02-27 12:17:46 : Step Name   : [IF] Email Exist
2024-02-27 12:17:47 : Object Exist
2024-02-27 12:17:47 : Test Status : PASSED
2024-02-27 12:17:47 : Test Data   : 
2024-02-27 12:17:47 : * * * * * * Test Step  384* * * * * * 
2024-02-27 12:17:47 : Step Name   : [IF] Email Exist
2024-02-27 12:17:47 : Object Exist
2024-02-27 12:17:47 : Test Status : PASSED
2024-02-27 12:17:47 : Test Data   : 
2024-02-27 12:17:47 : * * * * * * Test Step  390* * * * * * 
2024-02-27 12:17:47 : Step Name   : [IF] Email Exist
2024-02-27 12:17:47 : Object Exist
2024-02-27 12:17:47 : Test Status : PASSED
2024-02-27 12:17:47 : Test Data   : 
2024-02-27 12:17:47 : * * * * * * Test Step  396* * * * * * 
2024-02-27 12:17:47 : Step Name   : [IF] Email Exist
2024-02-27 12:17:47 : Object Exist
2024-02-27 12:17:47 : Test Status : PASSED
2024-02-27 12:17:47 : Test Data   : 
2024-02-27 12:17:47 : * * * * * * Test Step  402* * * * * * 
2024-02-27 12:17:47 : Step Name   : [IF] Email Exist
2024-02-27 12:17:47 : Object Exist
2024-02-27 12:17:47 : Test Status : PASSED
2024-02-27 12:17:47 : Test Data   : 
2024-02-27 12:17:47 : * * * * * * Test Step  408* * * * * * 
2024-02-27 12:17:47 : Step Name   : [IF] Email Exist
2024-02-27 12:17:47 : Object Exist
2024-02-27 12:17:47 : Test Status : PASSED
2024-02-27 12:17:47 : Test Data   : 
2024-02-27 12:17:47 : * * * * * * Test Step  414* * * * * * 
2024-02-27 12:17:47 : Step Name   : [IF] Email Exist
2024-02-27 12:17:47 : Object Exist
2024-02-27 12:17:47 : Test Status : PASSED
2024-02-27 12:17:47 : Test Data   : 
2024-02-27 12:17:47 : * * * * * * Test Step  420* * * * * * 
2024-02-27 12:17:47 : Step Name   : [IF] Email Exist
2024-02-27 12:17:47 : Object Exist
2024-02-27 12:17:47 : Test Status : PASSED
2024-02-27 12:17:47 : Test Data   : 
2024-02-27 12:17:47 : * * * * * * Test Step  426* * * * * * 
2024-02-27 12:17:47 : Step Name   : Wait Object
2024-02-27 12:17:47 : Test Status : PASSED
2024-02-27 12:17:47 : Test Data   : 
2024-02-27 12:17:47 : * * * * * * Test Step  427* * * * * * 
2024-02-27 12:17:47 : Step Name   : [OWA] Click [Email]
2024-02-27 12:17:48 : Test Status : PASSED
2024-02-27 12:17:48 : Test Data   : N/A
2024-02-27 12:17:48 : * * * * * * Test Step  428* * * * * * 
2024-02-27 12:17:48 : Step Name   : Wait Object
2024-02-27 12:17:48 : Test Status : PASSED
2024-02-27 12:17:48 : Test Data   : 
2024-02-27 12:17:48 : * * * * * * Test Step  429* * * * * * 
2024-02-27 12:17:48 : Step Name   : [Email] Verify [UserName] 
2024-02-27 12:17:48 : Test Status : PASSED
2024-02-27 12:17:48 : Test Data   : 
2024-02-27 12:17:48 : * * * * * * Test Step  430* * * * * * 
2024-02-27 12:17:48 : Step Name   : [Email] Verify [Reference Number]
2024-02-27 12:17:48 : Test Status : PASSED
2024-02-27 12:17:48 : Test Data   : 
2024-02-27 12:17:48 : * * * * * * Test Step  431* * * * * * 
2024-02-27 12:17:48 : Step Name   : [Email] Verify [Status]
2024-02-27 12:17:48 : Test Status : PASSED
2024-02-27 12:17:48 : Test Data   : 
2024-02-27 12:17:48 : * * * * * * Test Step  432* * * * * * 
2024-02-27 12:17:48 : Step Name   : [OWA] Click [Exit Search]
2024-02-27 12:17:48 : Test Status : PASSED
2024-02-27 12:17:48 : Test Data   : N/A
2024-02-27 12:17:48 : * * * * * * Test Step  433* * * * * * 
2024-02-27 12:17:48 : Step Name   : [OWA] Click [Icon]
2024-02-27 12:17:48 : Test Status : PASSED
2024-02-27 12:17:48 : Test Data   : N/A
2024-02-27 12:17:48 : * * * * * * Test Step  434* * * * * * 
2024-02-27 12:17:48 : Step Name   : Wait Object
2024-02-27 12:17:48 : Test Status : PASSED
2024-02-27 12:17:48 : Test Data   : 
2024-02-27 12:17:48 : * * * * * * Test Step  435* * * * * * 
2024-02-27 12:17:48 : Step Name   : [OWA] Click [Logout]
2024-02-27 12:17:49 : Test Status : PASSED
2024-02-27 12:17:49 : Test Data   : N/A
2024-02-27 12:17:49 : * * * * * * Test Step  436* * * * * * 
2024-02-27 12:17:49 : Step Name   : Close Window
2024-02-27 12:17:49 : Test Status : PASSED
2024-02-27 12:17:49 : Test Data   : 
2024-02-27 12:17:49 : *************************************************
2024-02-27 12:17:49 : 			PRODUCING REPORT
2024-02-27 12:17:49 : *************************************************
2024-02-27 12:17:49 : Generate HTM
2024-02-27 12:17:49 : Generate DOC
2024-02-27 12:17:52 : ***********************END***********************
