2023-09-12 22:04:17 : *************************************************
2023-09-12 22:04:17 : * * * * * * AmOnline_PayTransfer_2
2023-09-12 22:04:17 : *************************************************
2023-09-12 22:04:17 : * * * * * * Test Step  1* * * * * * 
2023-09-12 22:04:17 : Step Name   : Launch New Page
2023-09-12 22:04:18 : Test Status : PASSED
2023-09-12 22:04:18 : Test Data   : CHROME
2023-09-12 22:04:18 : * * * * * * Test Step  2* * * * * * 
2023-09-12 22:04:18 : Step Name   : Wait Object
2023-09-12 22:04:18 : Test Status : PASSED
2023-09-12 22:04:18 : Test Data   : 
2023-09-12 22:04:18 : * * * * * * Test Step  3* * * * * * 
2023-09-12 22:04:18 : Step Name   : Wait Object
2023-09-12 22:04:24 : Test Status : PASSED
2023-09-12 22:04:24 : Test Data   : 
2023-09-12 22:04:24 : * * * * * * Test Step  4* * * * * * 
2023-09-12 22:04:24 : Step Name   : [AmOnline] Enter UserName
2023-09-12 22:04:25 : Test Status : PASSED
2023-09-12 22:04:25 : Test Data   : Pepsi11
2023-09-12 22:04:25 : * * * * * * Test Step  5* * * * * * 
2023-09-12 22:04:25 : Step Name   : [AmOnline] Eclick Login Now
2023-09-12 22:04:25 : Test Status : PASSED
2023-09-12 22:04:25 : Test Data   : N/A
2023-09-12 22:04:25 : * * * * * * Test Step  6* * * * * * 
2023-09-12 22:04:25 : Step Name   : Wait Object
2023-09-12 22:04:26 : Test Status : PASSED
2023-09-12 22:04:26 : Test Data   : 
2023-09-12 22:04:26 : * * * * * * Test Step  7* * * * * * 
2023-09-12 22:04:26 : Step Name   : [AmOnline] Click Yes Button
2023-09-12 22:04:26 : Test Status : FAILED
2023-09-12 22:04:26 : Test Data   : N/A
2023-09-12 22:04:26 : *************************************************
2023-09-12 22:04:26 : 			PRODUCING REPORT
2023-09-12 22:04:26 : *************************************************
2023-09-12 22:04:26 : Generate HTM
2023-09-12 22:04:26 : ***********************END***********************
